<?xml version="1.0" encoding="UTF-8" standalone="no"?><testsuite errors="1" failures="0" name="Realizar compra en la tienda" skipped="0" tests="1" time="2.69" timestamp="2024-07-13 10:23:33"><testcase name="Agregar dos productos al carrito"><error type="java.lang.NullPointerException"/><system-err>null&#13;
com.example.tasks.NavigateTo.MainPage(NavigateTo.java:36)&#13;
com.example.stepdefinitions.StoreStepdefs.elClienteIngresaALaPaginaWeb(StoreStepdefs.java:51)&#13;
✽.el Cliente ingresa a la pagina web(file:///C:/Users/bateg/Desktop/CF%20Web/ChallengeFinalWeb/src/test/resources/features/ProductStore.feature:5)&#13;
</system-err></testcase></testsuite>